#
# There is insufficient memory for the Java Runtime Environment to continue.
# Native memory allocation (mmap) failed to map 69730304 bytes for committing reserved memory.
# Possible reasons:
#   The system is out of physical RAM or swap space
#   In 32 bit mode, the process size limit was hit
# Possible solutions:
#   Reduce memory load on the system
#   Increase physical memory or swap space
#   Check if swap backing store is full
#   Use 64 bit Java on a 64 bit OS
#   Decrease Java heap size (-Xmx/-Xms)
#   Decrease number of Java threads
#   Decrease Java thread stack sizes (-Xss)
#   Set larger code cache with -XX:ReservedCodeCacheSize=
# This output file may be truncated or incomplete.
#
#  Out of Memory Error (os_linux.cpp:2643), pid=9306, tid=0x00007fb1718a3700
#
# JRE version: OpenJDK Runtime Environment (8.0_131-b11) (build 1.8.0_131-8u131-b11-0ubuntu1.16.04.2-b11)
# Java VM: OpenJDK 64-Bit Server VM (25.131-b11 mixed mode linux-amd64 compressed oops)
# Failed to write core dump. Core dumps have been disabled. To enable core dumping, try "ulimit -c unlimited" before starting Java again
#

---------------  T H R E A D  ---------------

Current thread (0x00007fb184078000):  VMThread [stack: 0x00007fb1717a3000,0x00007fb1718a4000] [id=9316]

Stack: [0x00007fb1717a3000,0x00007fb1718a4000],  sp=0x00007fb1718a2480,  free space=1021k
Native frames: (J=compiled Java code, j=interpreted, Vv=VM code, C=native code)
V  [libjvm.so+0xa673eb]
V  [libjvm.so+0x4c3bec]
V  [libjvm.so+0x8b58a0]
V  [libjvm.so+0x8afd1e]
V  [libjvm.so+0x92a856]
V  [libjvm.so+0x919eba]
V  [libjvm.so+0x91a0c3]
V  [libjvm.so+0x91aa28]
V  [libjvm.so+0x920cee]
V  [libjvm.so+0x9286bd]
V  [libjvm.so+0x8da393]
V  [libjvm.so+0xa690a2]
V  [libjvm.so+0xa6e187]
V  [libjvm.so+0xa6b957]
V  [libjvm.so+0xa6cddf]
V  [libjvm.so+0xa6d2d1]
V  [libjvm.so+0x8b2d82]

VM_Operation (0x00007fb162a01940): ParallelGCFailedAllocation, mode: safepoint, requested by thread 0x00007fb184a48000


---------------  P R O C E S S  ---------------

Java Threads: ( => current thread )
  0x00007fb18400a800 JavaThread "DestroyJavaVM" [_thread_blocked, id=9311, stack(0x00007fb18aa5d000,0x00007fb18ab5e000)]
  0x00007fb184a4c000 JavaThread "Thread-3" [_thread_in_native, id=9335, stack(0x00007fb1628d0000,0x00007fb1629d1000)]
  0x00007fb184a48000 JavaThread "Restlet-13692003" daemon [_thread_blocked, id=9334, stack(0x00007fb1629d1000,0x00007fb162ad2000)]
  0x00007fb184a44800 JavaThread "server-timer" daemon [_thread_blocked, id=9333, stack(0x00007fb162ad2000,0x00007fb162bd3000)]
  0x00007fb184778800 JavaThread "pool-1-thread-1" [_thread_blocked, id=9326, stack(0x00007fb1633d3000,0x00007fb1634d4000)]
  0x00007fb1840c1800 JavaThread "Service Thread" daemon [_thread_blocked, id=9323, stack(0x00007fb170b4f000,0x00007fb170c50000)]
  0x00007fb1840b2000 JavaThread "C1 CompilerThread2" daemon [_thread_blocked, id=9322, stack(0x00007fb170c50000,0x00007fb170d51000)]
  0x00007fb1840b0800 JavaThread "C2 CompilerThread1" daemon [_thread_blocked, id=9321, stack(0x00007fb170d51000,0x00007fb170e52000)]
  0x00007fb1840ad800 JavaThread "C2 CompilerThread0" daemon [_thread_blocked, id=9320, stack(0x00007fb170e52000,0x00007fb170f53000)]
  0x00007fb1840ab800 JavaThread "Signal Dispatcher" daemon [_thread_blocked, id=9319, stack(0x00007fb170f53000,0x00007fb171054000)]
  0x00007fb184084000 JavaThread "Finalizer" daemon [_thread_blocked, id=9318, stack(0x00007fb1715a1000,0x00007fb1716a2000)]
  0x00007fb18407f800 JavaThread "Reference Handler" daemon [_thread_blocked, id=9317, stack(0x00007fb1716a2000,0x00007fb1717a3000)]

Other Threads:
=>0x00007fb184078000 VMThread [stack: 0x00007fb1717a3000,0x00007fb1718a4000] [id=9316]
  0x00007fb1840c4800 WatcherThread [stack: 0x00007fb170a4e000,0x00007fb170b4f000] [id=9324]

VM state:at safepoint (normal execution)

VM Mutex/Monitor currently owned by a thread:  ([mutex/lock_event])
[0x00007fb184006360] ExpandHeap_lock - owner thread: 0x00007fb184078000
[0x00007fb1840069e0] Threads_lock - owner thread: 0x00007fb184078000
[0x00007fb184006ee0] Heap_lock - owner thread: 0x00007fb184a48000

Heap:
 PSYoungGen      total 206336K, used 0K [0x00000000d6e00000, 0x00000000ea480000, 0x0000000100000000)
  eden space 160768K, 0% used [0x00000000d6e00000,0x00000000d6e00000,0x00000000e0b00000)
  from space 45568K, 0% used [0x00000000e4c80000,0x00000000e4c80000,0x00000000e7900000)
  to   space 67072K, 0% used [0x00000000e0b00000,0x00000000e0b00000,0x00000000e4c80000)
 ParOldGen       total 111616K, used 92601K [0x0000000084a00000, 0x000000008b700000, 0x00000000d6e00000)
  object space 111616K, 82% used [0x0000000084a00000,0x000000008a46e520,0x000000008b700000)
 Metaspace       used 34399K, capacity 34864K, committed 35072K, reserved 1079296K
  class space    used 4457K, capacity 4580K, committed 4608K, reserved 1048576K

Card table byte_map: [0x00007fb173bec000,0x00007fb173fc8000] byte_map_base: 0x00007fb1737c7000

Marking Bits: (ParMarkBitMap*) 0x00007fb189d38260
 Begin Bits: [0x00007fb168250000, 0x00007fb16a128000)
 End Bits:   [0x00007fb16a128000, 0x00007fb16c000000)

Polling page: 0x00007fb18ab8a000

CodeCache: size=245760Kb used=9124Kb max_used=9402Kb free=236635Kb
 bounds [0x00007fb174388000, 0x00007fb174d08000, 0x00007fb183388000]
 total_blobs=3382 nmethods=2869 adapters=427
 compilation: enabled

Compilation events (10 events):
Event: 134.964 Thread 0x00007fb1840b2000 nmethod 3207 0x00007fb174662c50 code [0x00007fb174662e40, 0x00007fb174663538]
Event: 134.964 Thread 0x00007fb1840ad800 nmethod 3195 0x00007fb1745a7b50 code [0x00007fb1745a7ca0, 0x00007fb1745a7d58]
Event: 134.965 Thread 0x00007fb1840ad800 3194       4       org.hibernate.event.internal.AbstractFlushingEventListener::logFlushResults (199 bytes)
Event: 134.980 Thread 0x00007fb1840ad800 nmethod 3194 0x00007fb1746ad090 code [0x00007fb1746ad340, 0x00007fb1746ae048]
Event: 134.980 Thread 0x00007fb1840ad800 3197       4       org.hibernate.engine.spi.ActionQueue::numberOfDeletions (42 bytes)
Event: 134.981 Thread 0x00007fb1840ad800 nmethod 3197 0x00007fb174a34c50 code [0x00007fb174a34da0, 0x00007fb174a34e38]
Event: 134.981 Thread 0x00007fb1840ad800 3196       4       org.hibernate.engine.spi.ActionQueue::sortCollectionActions (64 bytes)
Event: 134.982 Thread 0x00007fb1840ad800 nmethod 3196 0x00007fb174662810 code [0x00007fb174662980, 0x00007fb174662ab8]
Event: 134.989 Thread 0x00007fb1840ad800 3208   !   4       sun.reflect.GeneratedMethodAccessor38::invoke (68 bytes)
Event: 135.011 Thread 0x00007fb1840ad800 nmethod 3208 0x00007fb1744c4a50 code [0x00007fb1744c4da0, 0x00007fb1744c63d0]

GC Heap History (10 events):
Event: 74.366 GC heap after
Heap after GC invocations=14 (full 2):
 PSYoungGen      total 106496K, used 0K [0x00000000d6e00000, 0x00000000e0900000, 0x0000000100000000)
  eden space 77824K, 0% used [0x00000000d6e00000,0x00000000d6e00000,0x00000000dba00000)
  from space 28672K, 0% used [0x00000000ddd00000,0x00000000ddd00000,0x00000000df900000)
  to   space 35840K, 0% used [0x00000000dba00000,0x00000000dba00000,0x00000000ddd00000)
 ParOldGen       total 111616K, used 44302K [0x0000000084a00000, 0x000000008b700000, 0x00000000d6e00000)
  object space 111616K, 39% used [0x0000000084a00000,0x0000000087543bd0,0x000000008b700000)
 Metaspace       used 34389K, capacity 34864K, committed 35072K, reserved 1079296K
  class space    used 4457K, capacity 4580K, committed 4608K, reserved 1048576K
}
Event: 79.750 GC heap before
{Heap before GC invocations=15 (full 2):
 PSYoungGen      total 106496K, used 77824K [0x00000000d6e00000, 0x00000000e0900000, 0x0000000100000000)
  eden space 77824K, 100% used [0x00000000d6e00000,0x00000000dba00000,0x00000000dba00000)
  from space 28672K, 0% used [0x00000000ddd00000,0x00000000ddd00000,0x00000000df900000)
  to   space 35840K, 0% used [0x00000000dba00000,0x00000000dba00000,0x00000000ddd00000)
 ParOldGen       total 111616K, used 44302K [0x0000000084a00000, 0x000000008b700000, 0x00000000d6e00000)
  object space 111616K, 39% used [0x0000000084a00000,0x0000000087543bd0,0x000000008b700000)
 Metaspace       used 34389K, capacity 34864K, committed 35072K, reserved 1079296K
  class space    used 4457K, capacity 4580K, committed 4608K, reserved 1048576K
Event: 79.768 GC heap after
Heap after GC invocations=15 (full 2):
 PSYoungGen      total 113664K, used 26272K [0x00000000d6e00000, 0x00000000e2f80000, 0x0000000100000000)
  eden space 77824K, 0% used [0x00000000d6e00000,0x00000000d6e00000,0x00000000dba00000)
  from space 35840K, 73% used [0x00000000dba00000,0x00000000dd3a8000,0x00000000ddd00000)
  to   space 38400K, 0% used [0x00000000e0a00000,0x00000000e0a00000,0x00000000e2f80000)
 ParOldGen       total 111616K, used 44302K [0x0000000084a00000, 0x000000008b700000, 0x00000000d6e00000)
  object space 111616K, 39% used [0x0000000084a00000,0x0000000087543bd0,0x000000008b700000)
 Metaspace       used 34389K, capacity 34864K, committed 35072K, reserved 1079296K
  class space    used 4457K, capacity 4580K, committed 4608K, reserved 1048576K
}
Event: 79.854 GC heap before
{Heap before GC invocations=16 (full 2):
 PSYoungGen      total 113664K, used 104096K [0x00000000d6e00000, 0x00000000e2f80000, 0x0000000100000000)
  eden space 77824K, 100% used [0x00000000d6e00000,0x00000000dba00000,0x00000000dba00000)
  from space 35840K, 73% used [0x00000000dba00000,0x00000000dd3a8000,0x00000000ddd00000)
  to   space 38400K, 0% used [0x00000000e0a00000,0x00000000e0a00000,0x00000000e2f80000)
 ParOldGen       total 111616K, used 44302K [0x0000000084a00000, 0x000000008b700000, 0x00000000d6e00000)
  object space 111616K, 39% used [0x0000000084a00000,0x0000000087543bd0,0x000000008b700000)
 Metaspace       used 34389K, capacity 34864K, committed 35072K, reserved 1079296K
  class space    used 4457K, capacity 4580K, committed 4608K, reserved 1048576K
Event: 79.965 GC heap after
Heap after GC invocations=16 (full 2):
 PSYoungGen      total 154624K, used 36192K [0x00000000d6e00000, 0x00000000e3b00000, 0x0000000100000000)
  eden space 116224K, 0% used [0x00000000d6e00000,0x00000000d6e00000,0x00000000ddf80000)
  from space 38400K, 94% used [0x00000000e0a00000,0x00000000e2d58000,0x00000000e2f80000)
  to   space 43520K, 0% used [0x00000000ddf80000,0x00000000ddf80000,0x00000000e0a00000)
 ParOldGen       total 111616K, used 70742K [0x0000000084a00000, 0x000000008b700000, 0x00000000d6e00000)
  object space 111616K, 63% used [0x0000000084a00000,0x0000000088f15bf0,0x000000008b700000)
 Metaspace       used 34389K, capacity 34864K, committed 35072K, reserved 1079296K
  class space    used 4457K, capacity 4580K, committed 4608K, reserved 1048576K
}
Event: 134.909 GC heap before
{Heap before GC invocations=17 (full 2):
 PSYoungGen      total 154624K, used 152416K [0x00000000d6e00000, 0x00000000e3b00000, 0x0000000100000000)
  eden space 116224K, 100% used [0x00000000d6e00000,0x00000000ddf80000,0x00000000ddf80000)
  from space 38400K, 94% used [0x00000000e0a00000,0x00000000e2d58000,0x00000000e2f80000)
  to   space 43520K, 0% used [0x00000000ddf80000,0x00000000ddf80000,0x00000000e0a00000)
 ParOldGen       total 111616K, used 70742K [0x0000000084a00000, 0x000000008b700000, 0x00000000d6e00000)
  object space 111616K, 63% used [0x0000000084a00000,0x0000000088f15bf0,0x000000008b700000)
 Metaspace       used 34399K, capacity 34864K, committed 35072K, reserved 1079296K
  class space    used 4457K, capacity 4580K, committed 4608K, reserved 1048576K
Event: 134.931 GC heap after
Heap after GC invocations=17 (full 2):
 PSYoungGen      total 159744K, used 30240K [0x00000000d6e00000, 0x00000000e7900000, 0x0000000100000000)
  eden space 116224K, 0% used [0x00000000d6e00000,0x00000000d6e00000,0x00000000ddf80000)
  from space 43520K, 69% used [0x00000000ddf80000,0x00000000dfd08000,0x00000000e0a00000)
  to   space 45568K, 0% used [0x00000000e4c80000,0x00000000e4c80000,0x00000000e7900000)
 ParOldGen       total 111616K, used 70750K [0x0000000084a00000, 0x000000008b700000, 0x00000000d6e00000)
  object space 111616K, 63% used [0x0000000084a00000,0x0000000088f17bf0,0x000000008b700000)
 Metaspace       used 34399K, capacity 34864K, committed 35072K, reserved 1079296K
  class space    used 4457K, capacity 4580K, committed 4608K, reserved 1048576K
}
Event: 135.028 GC heap before
{Heap before GC invocations=18 (full 2):
 PSYoungGen      total 159744K, used 146464K [0x00000000d6e00000, 0x00000000e7900000, 0x0000000100000000)
  eden space 116224K, 100% used [0x00000000d6e00000,0x00000000ddf80000,0x00000000ddf80000)
  from space 43520K, 69% used [0x00000000ddf80000,0x00000000dfd08000,0x00000000e0a00000)
  to   space 45568K, 0% used [0x00000000e4c80000,0x00000000e4c80000,0x00000000e7900000)
 ParOldGen       total 111616K, used 70750K [0x0000000084a00000, 0x000000008b700000, 0x00000000d6e00000)
  object space 111616K, 63% used [0x0000000084a00000,0x0000000088f17bf0,0x000000008b700000)
 Metaspace       used 34399K, capacity 34864K, committed 35072K, reserved 1079296K
  class space    used 4457K, capacity 4580K, committed 4608K, reserved 1048576K
Event: 135.124 GC heap after
Heap after GC invocations=18 (full 2):
 PSYoungGen      total 206336K, used 45568K [0x00000000d6e00000, 0x00000000ea480000, 0x0000000100000000)
  eden space 160768K, 0% used [0x00000000d6e00000,0x00000000d6e00000,0x00000000e0b00000)
  from space 45568K, 100% used [0x00000000e4c80000,0x00000000e7900000,0x00000000e7900000)
  to   space 67072K, 0% used [0x00000000e0b00000,0x00000000e0b00000,0x00000000e4c80000)
 ParOldGen       total 111616K, used 109739K [0x0000000084a00000, 0x000000008b700000, 0x00000000d6e00000)
  object space 111616K, 98% used [0x0000000084a00000,0x000000008b52ac20,0x000000008b700000)
 Metaspace       used 34399K, capacity 34864K, committed 35072K, reserved 1079296K
  class space    used 4457K, capacity 4580K, committed 4608K, reserved 1048576K
}
Event: 135.124 GC heap before
{Heap before GC invocations=19 (full 3):
 PSYoungGen      total 206336K, used 45568K [0x00000000d6e00000, 0x00000000ea480000, 0x0000000100000000)
  eden space 160768K, 0% used [0x00000000d6e00000,0x00000000d6e00000,0x00000000e0b00000)
  from space 45568K, 100% used [0x00000000e4c80000,0x00000000e7900000,0x00000000e7900000)
  to   space 67072K, 0% used [0x00000000e0b00000,0x00000000e0b00000,0x00000000e4c80000)
 ParOldGen       total 111616K, used 109739K [0x0000000084a00000, 0x000000008b700000, 0x00000000d6e00000)
  object space 111616K, 98% used [0x0000000084a00000,0x000000008b52ac20,0x000000008b700000)
 Metaspace       used 34399K, capacity 34864K, committed 35072K, reserved 1079296K
  class space    used 4457K, capacity 4580K, committed 4608K, reserved 1048576K

Deoptimization events (10 events):
Event: 69.368 Thread 0x00007fb184a48000 Uncommon trap: reason=bimorphic action=maybe_recompile pc=0x00007fb174c7ea18 method=org.hibernate.type.AbstractStandardBasicType.isEqual(Ljava/lang/Object;Ljava/lang/Object;)Z @ 6
Event: 69.368 Thread 0x00007fb184a48000 Uncommon trap: reason=bimorphic action=maybe_recompile pc=0x00007fb174ccd8e8 method=org.hibernate.internal.util.EntityPrinter.toString(Ljava/lang/String;Ljava/lang/Object;)Ljava/lang/String; @ 162
Event: 69.368 Thread 0x00007fb184a48000 Uncommon trap: reason=bimorphic action=maybe_recompile pc=0x00007fb174c64b4c method=org.hibernate.type.AbstractStandardBasicType.toLoggableString(Ljava/lang/Object;Lorg/hibernate/engine/spi/SessionFactoryImplementor;)Ljava/lang/String; @ 22
Event: 69.368 Thread 0x00007fb184a48000 Uncommon trap: reason=bimorphic action=maybe_recompile pc=0x00007fb174c610dc method=org.hibernate.type.descriptor.java.AbstractTypeDescriptor.extractLoggableRepresentation(Ljava/lang/Object;)Ljava/lang/String; @ 10
Event: 69.368 Thread 0x00007fb184a48000 Uncommon trap: reason=bimorphic action=maybe_recompile pc=0x00007fb1744d2ee8 method=org.hibernate.type.TypeHelper.findDirty([Lorg/hibernate/tuple/NonIdentifierAttribute;[Ljava/lang/Object;[Ljava/lang/Object;[[ZLorg/hibernate/engine/spi/SharedSessionContra
Event: 69.368 Thread 0x00007fb184a48000 Uncommon trap: reason=bimorphic action=maybe_recompile pc=0x00007fb174c7ea18 method=org.hibernate.type.AbstractStandardBasicType.isEqual(Ljava/lang/Object;Ljava/lang/Object;)Z @ 6
Event: 69.368 Thread 0x00007fb184a48000 Uncommon trap: reason=bimorphic action=maybe_recompile pc=0x00007fb174ccd8e8 method=org.hibernate.internal.util.EntityPrinter.toString(Ljava/lang/String;Ljava/lang/Object;)Ljava/lang/String; @ 162
Event: 69.368 Thread 0x00007fb184a48000 Uncommon trap: reason=bimorphic action=maybe_recompile pc=0x00007fb174c64b4c method=org.hibernate.type.AbstractStandardBasicType.toLoggableString(Ljava/lang/Object;Lorg/hibernate/engine/spi/SessionFactoryImplementor;)Ljava/lang/String; @ 22
Event: 69.368 Thread 0x00007fb184a48000 Uncommon trap: reason=bimorphic action=maybe_recompile pc=0x00007fb174c610dc method=org.hibernate.type.descriptor.java.AbstractTypeDescriptor.extractLoggableRepresentation(Ljava/lang/Object;)Ljava/lang/String; @ 10
Event: 74.367 Thread 0x00007fb18407f800 Uncommon trap: reason=unstable_if action=reinterpret pc=0x00007fb174bad510 method=java.lang.ref.Reference.tryHandlePending(Z)Z @ 20

Internal exceptions (10 events):
Event: 80.008 Thread 0x00007fb184a48000 Exception <a 'java/lang/StackOverflowError'> (0x00000000d9dd6ba0) thrown at [/build/openjdk-8-VTMhfL/openjdk-8-8u131-b11/src/hotspot/src/share/vm/runtime/sharedRuntime.cpp, line 605]
Event: 80.008 Thread 0x00007fb184a48000 StackOverflowError at 0x00007fb174c2bce0
Event: 80.008 Thread 0x00007fb184a48000 Exception <a 'java/lang/StackOverflowError'> (0x00000000d9de4dd8) thrown at [/build/openjdk-8-VTMhfL/openjdk-8-8u131-b11/src/hotspot/src/share/vm/runtime/sharedRuntime.cpp, line 605]
Event: 80.008 Thread 0x00007fb184a48000 StackOverflowError at 0x00007fb174c91380
Event: 80.008 Thread 0x00007fb184a48000 Exception <a 'java/lang/StackOverflowError'> (0x00000000d9df29e0) thrown at [/build/openjdk-8-VTMhfL/openjdk-8-8u131-b11/src/hotspot/src/share/vm/runtime/sharedRuntime.cpp, line 605]
Event: 80.008 Thread 0x00007fb184a48000 StackOverflowError at 0x00007fb174c91380
Event: 80.008 Thread 0x00007fb184a48000 Exception <a 'java/lang/StackOverflowError'> (0x00000000d9e005d0) thrown at [/build/openjdk-8-VTMhfL/openjdk-8-8u131-b11/src/hotspot/src/share/vm/runtime/sharedRuntime.cpp, line 605]
Event: 80.008 Thread 0x00007fb184a48000 StackOverflowError at 0x00007fb174c4ff00
Event: 80.009 Thread 0x00007fb184a48000 Exception <a 'java/lang/StackOverflowError'> (0x00000000d9e0e180) thrown at [/build/openjdk-8-VTMhfL/openjdk-8-8u131-b11/src/hotspot/src/share/vm/runtime/sharedRuntime.cpp, line 605]
Event: 80.009 Thread 0x00007fb184a48000 Exception <a 'java/lang/StackOverflowError'> (0x00000000d9e11ec8) thrown at [/build/openjdk-8-VTMhfL/openjdk-8-8u131-b11/src/hotspot/src/share/vm/interpreter/interpreterRuntime.cpp, line 323]

Events (10 events):
Event: 79.768 Executing VM operation: ParallelGCFailedAllocation done
Event: 79.854 Executing VM operation: ParallelGCFailedAllocation
Event: 79.965 Executing VM operation: ParallelGCFailedAllocation done
Event: 105.714 Executing VM operation: RevokeBias
Event: 105.714 Executing VM operation: RevokeBias done
Event: 105.714 Executing VM operation: RevokeBias
Event: 105.714 Executing VM operation: RevokeBias done
Event: 134.909 Executing VM operation: ParallelGCFailedAllocation
Event: 134.931 Executing VM operation: ParallelGCFailedAllocation done
Event: 135.028 Executing VM operation: ParallelGCFailedAllocation


Dynamic libraries:
00400000-00401000 r-xp 00000000 08:03 138244                             /usr/lib/jvm/java-8-openjdk-amd64/jre/bin/java
00600000-00601000 r--p 00000000 08:03 138244                             /usr/lib/jvm/java-8-openjdk-amd64/jre/bin/java
00601000-00602000 rw-p 00001000 08:03 138244                             /usr/lib/jvm/java-8-openjdk-amd64/jre/bin/java
00a3f000-00a60000 rw-p 00000000 00:00 0                                  [heap]
84a00000-8b700000 rw-p 00000000 00:00 0 
8f980000-d6e00000 ---p 00000000 00:00 0 
d6e00000-ea480000 rw-p 00000000 00:00 0 
ea480000-100000000 ---p 00000000 00:00 0 
100000000-100480000 rw-p 00000000 00:00 0 
100480000-140000000 ---p 00000000 00:00 0 
7fb11c000000-7fb11c021000 rw-p 00000000 00:00 0 
7fb11c021000-7fb120000000 ---p 00000000 00:00 0 
7fb124000000-7fb124021000 rw-p 00000000 00:00 0 
7fb124021000-7fb128000000 ---p 00000000 00:00 0 
7fb128000000-7fb1289a8000 rw-p 00000000 00:00 0 
7fb1289a8000-7fb12c000000 ---p 00000000 00:00 0 
7fb12c000000-7fb12c021000 rw-p 00000000 00:00 0 
7fb12c021000-7fb130000000 ---p 00000000 00:00 0 
7fb130000000-7fb130021000 rw-p 00000000 00:00 0 
7fb130021000-7fb134000000 ---p 00000000 00:00 0 
7fb134000000-7fb134597000 rw-p 00000000 00:00 0 
7fb134597000-7fb138000000 ---p 00000000 00:00 0 
7fb138000000-7fb138021000 rw-p 00000000 00:00 0 
7fb138021000-7fb13c000000 ---p 00000000 00:00 0 
7fb13c000000-7fb13d47c000 rw-p 00000000 00:00 0 
7fb13d47c000-7fb140000000 ---p 00000000 00:00 0 
7fb140000000-7fb141485000 rw-p 00000000 00:00 0 
7fb141485000-7fb144000000 ---p 00000000 00:00 0 
7fb144000000-7fb144021000 rw-p 00000000 00:00 0 
7fb144021000-7fb148000000 ---p 00000000 00:00 0 
7fb14c000000-7fb14c021000 rw-p 00000000 00:00 0 
7fb14c021000-7fb150000000 ---p 00000000 00:00 0 
7fb150000000-7fb150021000 rw-p 00000000 00:00 0 
7fb150021000-7fb154000000 ---p 00000000 00:00 0 
7fb154000000-7fb154021000 rw-p 00000000 00:00 0 
7fb154021000-7fb158000000 ---p 00000000 00:00 0 
7fb158000000-7fb158321000 rw-p 00000000 00:00 0 
7fb158321000-7fb15c000000 ---p 00000000 00:00 0 
7fb15c000000-7fb15c021000 rw-p 00000000 00:00 0 
7fb15c021000-7fb160000000 ---p 00000000 00:00 0 
7fb1626d0000-7fb162890000 rw-p 00000000 00:00 0 
7fb162890000-7fb1628d0000 ---p 00000000 00:00 0 
7fb1628d0000-7fb1628d3000 ---p 00000000 00:00 0 
7fb1628d3000-7fb1629d1000 rw-p 00000000 00:00 0 
7fb1629d1000-7fb1629d4000 ---p 00000000 00:00 0 
7fb1629d4000-7fb162ad2000 rw-p 00000000 00:00 0 
7fb162ad2000-7fb162ad5000 ---p 00000000 00:00 0 
7fb162ad5000-7fb162dd3000 rw-p 00000000 00:00 0 
7fb162dd3000-7fb162fd3000 rw-p 00000000 00:00 0 
7fb162fd3000-7fb1631d3000 rw-p 00000000 00:00 0 
7fb1631d3000-7fb1633d3000 rw-p 00000000 00:00 0 
7fb1633d3000-7fb1633d6000 ---p 00000000 00:00 0 
7fb1633d6000-7fb1636d4000 rw-p 00000000 00:00 0 
7fb1636d4000-7fb1638d4000 rw-p 00000000 00:00 0 
7fb1638d4000-7fb1638e5000 r-xp 00000000 08:03 137020                     /usr/lib/jvm/java-8-openjdk-amd64/jre/lib/amd64/libnio.so
7fb1638e5000-7fb163ae5000 ---p 00011000 08:03 137020                     /usr/lib/jvm/java-8-openjdk-amd64/jre/lib/amd64/libnio.so
7fb163ae5000-7fb163ae6000 r--p 00011000 08:03 137020                     /usr/lib/jvm/java-8-openjdk-amd64/jre/lib/amd64/libnio.so
7fb163ae6000-7fb163ae7000 rw-p 00012000 08:03 137020                     /usr/lib/jvm/java-8-openjdk-amd64/jre/lib/amd64/libnio.so
7fb163ae7000-7fb163de8000 rw-p 00000000 00:00 0 
7fb163de8000-7fb163dff000 r-xp 00000000 08:03 137008                     /usr/lib/jvm/java-8-openjdk-amd64/jre/lib/amd64/libnet.so
7fb163dff000-7fb163ffe000 ---p 00017000 08:03 137008                     /usr/lib/jvm/java-8-openjdk-amd64/jre/lib/amd64/libnet.so
7fb163ffe000-7fb163fff000 r--p 00016000 08:03 137008                     /usr/lib/jvm/java-8-openjdk-amd64/jre/lib/amd64/libnet.so
7fb163fff000-7fb164000000 rw-p 00017000 08:03 137008                     /usr/lib/jvm/java-8-openjdk-amd64/jre/lib/amd64/libnet.so
7fb164000000-7fb164040000 rw-p 00000000 00:00 0 
7fb164040000-7fb168000000 ---p 00000000 00:00 0 
7fb168046000-7fb16804f000 r-xp 00000000 08:03 136987                     /usr/lib/jvm/java-8-openjdk-amd64/jre/lib/amd64/libmanagement.so
7fb16804f000-7fb16824e000 ---p 00009000 08:03 136987                     /usr/lib/jvm/java-8-openjdk-amd64/jre/lib/amd64/libmanagement.so
7fb16824e000-7fb16824f000 r--p 00008000 08:03 136987                     /usr/lib/jvm/java-8-openjdk-amd64/jre/lib/amd64/libmanagement.so
7fb16824f000-7fb168250000 rw-p 00009000 08:03 136987                     /usr/lib/jvm/java-8-openjdk-amd64/jre/lib/amd64/libmanagement.so
7fb168250000-7fb16c000000 rw-p 00000000 00:00 0 
7fb16c000000-7fb16c035000 rw-p 00000000 00:00 0 
7fb16c035000-7fb170000000 ---p 00000000 00:00 0 
7fb1700e2000-7fb1702e2000 rw-p 00000000 00:00 0 
7fb1702e2000-7fb1704e2000 rw-p 00000000 00:00 0 
7fb17051d000-7fb170524000 r--s 00000000 08:03 298389                     /usr/lib/x86_64-linux-gnu/gconv/gconv-modules.cache
7fb170524000-7fb170549000 r--p 00000000 08:03 149639                     /usr/share/locale-langpack/es/LC_MESSAGES/libc.mo
7fb170549000-7fb17054e000 r--s 0009a000 08:03 137549                     /usr/lib/jvm/java-8-openjdk-amd64/jre/lib/jsse.jar
7fb17054e000-7fb17074e000 rw-p 00000000 00:00 0 
7fb17074e000-7fb170761000 r--s 00346000 08:03 137548                     /usr/lib/jvm/java-8-openjdk-amd64/jre/lib/resources.jar
7fb170761000-7fb170961000 rw-p 00000000 00:00 0 
7fb170961000-7fb17096b000 r--s 000a5000 08:03 1050012                    /home/guillermo/workspace/votBit/lib/required/org.restlet.jar
7fb17096b000-7fb17096d000 r--s 00001000 08:03 1050011                    /home/guillermo/workspace/votBit/lib/required/org.restlet.ext.json.jar
7fb17096d000-7fb17096f000 r--s 0000b000 08:03 1049881                    /home/guillermo/workspace/votBit/lib/required/org.json.jar
7fb17096f000-7fb170986000 r--s 00286000 08:03 1049815                    /home/guillermo/workspace/votBit/lib/required/ojdbc6.jar
7fb170986000-7fb17098f000 r--s 0006f000 08:03 1048968                    /home/guillermo/workspace/votBit/lib/required/log4j-1.2.17.jar
7fb17098f000-7fb170991000 r--s 0000f000 08:03 1050280                    /home/guillermo/workspace/votBit/lib/required/jboss-logging-3.3.0.Final.jar
7fb170991000-7fb17099b000 r--s 000ae000 08:03 1050279                    /home/guillermo/workspace/votBit/lib/required/javassist-3.20.0-GA.jar
7fb17099b000-7fb17099e000 r--s 0002b000 08:03 1050278                    /home/guillermo/workspace/votBit/lib/required/jandex-2.0.3.Final.jar
7fb17099e000-7fb1709a3000 r--s 00017000 08:03 1050277                    /home/guillermo/workspace/votBit/lib/required/hibernate-jpa-2.1-api-1.0.0.Final.jar
7fb1709a3000-7fb170a1e000 r--s 005d4000 08:03 1050276                    /home/guillermo/workspace/votBit/lib/required/hibernate-core-5.2.9.Final.jar
7fb170a1e000-7fb170a21000 r--s 00010000 08:03 1050275                    /home/guillermo/workspace/votBit/lib/required/hibernate-commons-annotations-5.0.1.Final.jar
7fb170a21000-7fb170a26000 r--s 00048000 08:03 1050274                    /home/guillermo/workspace/votBit/lib/required/dom4j-1.6.1.jar
7fb170a26000-7fb170a28000 r--s 0000e000 08:03 1050273                    /home/guillermo/workspace/votBit/lib/required/classmate-1.3.0.jar
7fb170a28000-7fb170a2d000 r--s 00068000 08:03 1050272                    /home/guillermo/workspace/votBit/lib/required/antlr-2.7.7.jar
7fb170a2d000-7fb170a48000 r--s 001d6000 08:03 135440                     /usr/lib/jvm/java-8-openjdk-amd64/jre/lib/ext/nashorn.jar
7fb170a48000-7fb170a4c000 r--s 00037000 08:03 135410                     /usr/lib/jvm/java-8-openjdk-amd64/jre/lib/ext/sunpkcs11.jar
7fb170a4c000-7fb170a4e000 r--s 00008000 08:03 135412                     /usr/lib/jvm/java-8-openjdk-amd64/jre/lib/ext/sunec.jar
7fb170a4e000-7fb170a4f000 ---p 00000000 00:00 0 
7fb170a4f000-7fb170b4f000 rw-p 00000000 00:00 0 
7fb170b4f000-7fb170b52000 ---p 00000000 00:00 0 
7fb170b52000-7fb170c50000 rw-p 00000000 00:00 0 
7fb170c50000-7fb170c53000 ---p 00000000 00:00 0 
7fb170c53000-7fb170d51000 rw-p 00000000 00:00 0 
7fb170d51000-7fb170d54000 ---p 00000000 00:00 0 
7fb170d54000-7fb170e52000 rw-p 00000000 00:00 0 
7fb170e52000-7fb170e55000 ---p 00000000 00:00 0 
7fb170e55000-7fb170f53000 rw-p 00000000 00:00 0 
7fb170f53000-7fb170f56000 ---p 00000000 00:00 0 
7fb170f56000-7fb171054000 rw-p 00000000 00:00 0 
7fb171054000-7fb1715a1000 r--p 00000000 08:03 135137                     /usr/lib/locale/locale-archive
7fb1715a1000-7fb1715a4000 ---p 00000000 00:00 0 
7fb1715a4000-7fb1716a2000 rw-p 00000000 00:00 0 
7fb1716a2000-7fb1716a5000 ---p 00000000 00:00 0 
7fb1716a5000-7fb1717a3000 rw-p 00000000 00:00 0 
7fb1717a3000-7fb1717a4000 ---p 00000000 00:00 0 
7fb1717a4000-7fb172837000 rw-p 00000000 00:00 0 
7fb172837000-7fb172a06000 r--s 03c07000 08:03 137022                     /usr/lib/jvm/java-8-openjdk-amd64/jre/lib/rt.jar
7fb172a06000-7fb173657000 rw-p 00000000 00:00 0 
7fb173657000-7fb173658000 ---p 00000000 00:00 0 
7fb173658000-7fb173758000 rw-p 00000000 00:00 0 
7fb173758000-7fb173759000 ---p 00000000 00:00 0 
7fb173759000-7fb173859000 rw-p 00000000 00:00 0 
7fb173859000-7fb17385a000 ---p 00000000 00:00 0 
7fb17385a000-7fb173991000 rw-p 00000000 00:00 0 
7fb173991000-7fb173bec000 ---p 00000000 00:00 0 
7fb173bec000-7fb173c23000 rw-p 00000000 00:00 0 
7fb173c23000-7fb173e7e000 ---p 00000000 00:00 0 
7fb173e7e000-7fb173f1a000 rw-p 00000000 00:00 0 
7fb173f1a000-7fb173fc7000 ---p 00000000 00:00 0 
7fb173fc7000-7fb173fee000 rw-p 00000000 00:00 0 
7fb173fee000-7fb174388000 ---p 00000000 00:00 0 
7fb174388000-7fb174d08000 rwxp 00000000 00:00 0 
7fb174d08000-7fb183388000 ---p 00000000 00:00 0 
7fb183388000-7fb183390000 r-xp 00000000 08:03 137000                     /usr/lib/jvm/java-8-openjdk-amd64/jre/lib/amd64/libzip.so
7fb183390000-7fb18358f000 ---p 00008000 08:03 137000                     /usr/lib/jvm/java-8-openjdk-amd64/jre/lib/amd64/libzip.so
7fb18358f000-7fb183590000 r--p 00007000 08:03 137000                     /usr/lib/jvm/java-8-openjdk-amd64/jre/lib/amd64/libzip.so
7fb183590000-7fb183591000 rw-p 00008000 08:03 137000                     /usr/lib/jvm/java-8-openjdk-amd64/jre/lib/amd64/libzip.so
7fb183591000-7fb18359c000 r-xp 00000000 08:03 786710                     /lib/x86_64-linux-gnu/libnss_files-2.23.so
7fb18359c000-7fb18379b000 ---p 0000b000 08:03 786710                     /lib/x86_64-linux-gnu/libnss_files-2.23.so
7fb18379b000-7fb18379c000 r--p 0000a000 08:03 786710                     /lib/x86_64-linux-gnu/libnss_files-2.23.so
7fb18379c000-7fb18379d000 rw-p 0000b000 08:03 786710                     /lib/x86_64-linux-gnu/libnss_files-2.23.so
7fb18379d000-7fb1837a3000 rw-p 00000000 00:00 0 
7fb1837a3000-7fb1837ae000 r-xp 00000000 08:03 786703                     /lib/x86_64-linux-gnu/libnss_nis-2.23.so
7fb1837ae000-7fb1839ad000 ---p 0000b000 08:03 786703                     /lib/x86_64-linux-gnu/libnss_nis-2.23.so
7fb1839ad000-7fb1839ae000 r--p 0000a000 08:03 786703                     /lib/x86_64-linux-gnu/libnss_nis-2.23.so
7fb1839ae000-7fb1839af000 rw-p 0000b000 08:03 786703                     /lib/x86_64-linux-gnu/libnss_nis-2.23.so
7fb1839af000-7fb1839c5000 r-xp 00000000 08:03 786705                     /lib/x86_64-linux-gnu/libnsl-2.23.so
7fb1839c5000-7fb183bc4000 ---p 00016000 08:03 786705                     /lib/x86_64-linux-gnu/libnsl-2.23.so
7fb183bc4000-7fb183bc5000 r--p 00015000 08:03 786705                     /lib/x86_64-linux-gnu/libnsl-2.23.so
7fb183bc5000-7fb183bc6000 rw-p 00016000 08:03 786705                     /lib/x86_64-linux-gnu/libnsl-2.23.so
7fb183bc6000-7fb183bc8000 rw-p 00000000 00:00 0 
7fb183bc8000-7fb183bd0000 r-xp 00000000 08:03 786712                     /lib/x86_64-linux-gnu/libnss_compat-2.23.so
7fb183bd0000-7fb183dcf000 ---p 00008000 08:03 786712                     /lib/x86_64-linux-gnu/libnss_compat-2.23.so
7fb183dcf000-7fb183dd0000 r--p 00007000 08:03 786712                     /lib/x86_64-linux-gnu/libnss_compat-2.23.so
7fb183dd0000-7fb183dd1000 rw-p 00008000 08:03 786712                     /lib/x86_64-linux-gnu/libnss_compat-2.23.so
7fb183dd1000-7fb183dfe000 r-xp 00000000 08:03 136995                     /usr/lib/jvm/java-8-openjdk-amd64/jre/lib/amd64/libjava.so
7fb183dfe000-7fb183ffd000 ---p 0002d000 08:03 136995                     /usr/lib/jvm/java-8-openjdk-amd64/jre/lib/amd64/libjava.so
7fb183ffd000-7fb183ffe000 r--p 0002c000 08:03 136995                     /usr/lib/jvm/java-8-openjdk-amd64/jre/lib/amd64/libjava.so
7fb183ffe000-7fb184000000 rw-p 0002d000 08:03 136995                     /usr/lib/jvm/java-8-openjdk-amd64/jre/lib/amd64/libjava.so
7fb184000000-7fb184a65000 rw-p 00000000 00:00 0 
7fb184a65000-7fb188000000 ---p 00000000 00:00 0 
7fb188000000-7fb188001000 r--s 00006000 08:03 1050281                    /home/guillermo/workspace/votBit/lib/required/jboss-transaction-api_1.2_spec-1.0.1.Final.jar
7fb188001000-7fb188006000 r--s 0003b000 08:03 135413                     /usr/lib/jvm/java-8-openjdk-amd64/jre/lib/ext/sunjce_provider.jar
7fb188006000-7fb188010000 r--s 00116000 08:03 135438                     /usr/lib/jvm/java-8-openjdk-amd64/jre/lib/ext/localedata.jar
7fb188010000-7fb18805d000 rw-p 00000000 00:00 0 
7fb18805d000-7fb18805e000 ---p 00000000 00:00 0 
7fb18805e000-7fb18815e000 rw-p 00000000 00:00 0 
7fb18815e000-7fb18816d000 r-xp 00000000 08:03 136992                     /usr/lib/jvm/java-8-openjdk-amd64/jre/lib/amd64/libverify.so
7fb18816d000-7fb18836c000 ---p 0000f000 08:03 136992                     /usr/lib/jvm/java-8-openjdk-amd64/jre/lib/amd64/libverify.so
7fb18836c000-7fb18836e000 r--p 0000e000 08:03 136992                     /usr/lib/jvm/java-8-openjdk-amd64/jre/lib/amd64/libverify.so
7fb18836e000-7fb18836f000 rw-p 00010000 08:03 136992                     /usr/lib/jvm/java-8-openjdk-amd64/jre/lib/amd64/libverify.so
7fb18836f000-7fb188376000 r-xp 00000000 08:03 786713                     /lib/x86_64-linux-gnu/librt-2.23.so
7fb188376000-7fb188575000 ---p 00007000 08:03 786713                     /lib/x86_64-linux-gnu/librt-2.23.so
7fb188575000-7fb188576000 r--p 00006000 08:03 786713                     /lib/x86_64-linux-gnu/librt-2.23.so
7fb188576000-7fb188577000 rw-p 00007000 08:03 786713                     /lib/x86_64-linux-gnu/librt-2.23.so
7fb188577000-7fb18858d000 r-xp 00000000 08:03 792007                     /lib/x86_64-linux-gnu/libgcc_s.so.1
7fb18858d000-7fb18878c000 ---p 00016000 08:03 792007                     /lib/x86_64-linux-gnu/libgcc_s.so.1
7fb18878c000-7fb18878d000 rw-p 00015000 08:03 792007                     /lib/x86_64-linux-gnu/libgcc_s.so.1
7fb18878d000-7fb188895000 r-xp 00000000 08:03 786704                     /lib/x86_64-linux-gnu/libm-2.23.so
7fb188895000-7fb188a94000 ---p 00108000 08:03 786704                     /lib/x86_64-linux-gnu/libm-2.23.so
7fb188a94000-7fb188a95000 r--p 00107000 08:03 786704                     /lib/x86_64-linux-gnu/libm-2.23.so
7fb188a95000-7fb188a96000 rw-p 00108000 08:03 786704                     /lib/x86_64-linux-gnu/libm-2.23.so
7fb188a96000-7fb188c08000 r-xp 00000000 08:03 131997                     /usr/lib/x86_64-linux-gnu/libstdc++.so.6.0.21
7fb188c08000-7fb188e08000 ---p 00172000 08:03 131997                     /usr/lib/x86_64-linux-gnu/libstdc++.so.6.0.21
7fb188e08000-7fb188e12000 r--p 00172000 08:03 131997                     /usr/lib/x86_64-linux-gnu/libstdc++.so.6.0.21
7fb188e12000-7fb188e14000 rw-p 0017c000 08:03 131997                     /usr/lib/x86_64-linux-gnu/libstdc++.so.6.0.21
7fb188e14000-7fb188e18000 rw-p 00000000 00:00 0 
7fb188e18000-7fb189a69000 r-xp 00000000 08:03 136991                     /usr/lib/jvm/java-8-openjdk-amd64/jre/lib/amd64/server/libjvm.so
7fb189a69000-7fb189c69000 ---p 00c51000 08:03 136991                     /usr/lib/jvm/java-8-openjdk-amd64/jre/lib/amd64/server/libjvm.so
7fb189c69000-7fb189cfc000 r--p 00c51000 08:03 136991                     /usr/lib/jvm/java-8-openjdk-amd64/jre/lib/amd64/server/libjvm.so
7fb189cfc000-7fb189d25000 rw-p 00ce4000 08:03 136991                     /usr/lib/jvm/java-8-openjdk-amd64/jre/lib/amd64/server/libjvm.so
7fb189d25000-7fb189d55000 rw-p 00000000 00:00 0 
7fb189d55000-7fb189d6d000 r-xp 00000000 08:03 786717                     /lib/x86_64-linux-gnu/libpthread-2.23.so
7fb189d6d000-7fb189f6c000 ---p 00018000 08:03 786717                     /lib/x86_64-linux-gnu/libpthread-2.23.so
7fb189f6c000-7fb189f6d000 r--p 00017000 08:03 786717                     /lib/x86_64-linux-gnu/libpthread-2.23.so
7fb189f6d000-7fb189f6e000 rw-p 00018000 08:03 786717                     /lib/x86_64-linux-gnu/libpthread-2.23.so
7fb189f6e000-7fb189f72000 rw-p 00000000 00:00 0 
7fb189f72000-7fb189f75000 r-xp 00000000 08:03 786702                     /lib/x86_64-linux-gnu/libdl-2.23.so
7fb189f75000-7fb18a174000 ---p 00003000 08:03 786702                     /lib/x86_64-linux-gnu/libdl-2.23.so
7fb18a174000-7fb18a175000 r--p 00002000 08:03 786702                     /lib/x86_64-linux-gnu/libdl-2.23.so
7fb18a175000-7fb18a176000 rw-p 00003000 08:03 786702                     /lib/x86_64-linux-gnu/libdl-2.23.so
7fb18a176000-7fb18a18f000 r-xp 00000000 08:03 792160                     /lib/x86_64-linux-gnu/libz.so.1.2.8
7fb18a18f000-7fb18a38e000 ---p 00019000 08:03 792160                     /lib/x86_64-linux-gnu/libz.so.1.2.8
7fb18a38e000-7fb18a38f000 r--p 00018000 08:03 792160                     /lib/x86_64-linux-gnu/libz.so.1.2.8
7fb18a38f000-7fb18a390000 rw-p 00019000 08:03 792160                     /lib/x86_64-linux-gnu/libz.so.1.2.8
7fb18a390000-7fb18a54f000 r-xp 00000000 08:03 786706                     /lib/x86_64-linux-gnu/libc-2.23.so
7fb18a54f000-7fb18a74f000 ---p 001bf000 08:03 786706                     /lib/x86_64-linux-gnu/libc-2.23.so
7fb18a74f000-7fb18a753000 r--p 001bf000 08:03 786706                     /lib/x86_64-linux-gnu/libc-2.23.so
7fb18a753000-7fb18a755000 rw-p 001c3000 08:03 786706                     /lib/x86_64-linux-gnu/libc-2.23.so
7fb18a755000-7fb18a759000 rw-p 00000000 00:00 0 
7fb18a759000-7fb18a766000 r-xp 00000000 08:03 137007                     /usr/lib/jvm/java-8-openjdk-amd64/jre/lib/amd64/jli/libjli.so
7fb18a766000-7fb18a966000 ---p 0000d000 08:03 137007                     /usr/lib/jvm/java-8-openjdk-amd64/jre/lib/amd64/jli/libjli.so
7fb18a966000-7fb18a967000 r--p 0000d000 08:03 137007                     /usr/lib/jvm/java-8-openjdk-amd64/jre/lib/amd64/jli/libjli.so
7fb18a967000-7fb18a968000 rw-p 0000e000 08:03 137007                     /usr/lib/jvm/java-8-openjdk-amd64/jre/lib/amd64/jli/libjli.so
7fb18a968000-7fb18a98e000 r-xp 00000000 08:03 786707                     /lib/x86_64-linux-gnu/ld-2.23.so
7fb18a98e000-7fb18a991000 r--s 0000f000 08:03 135415                     /usr/lib/jvm/java-8-openjdk-amd64/jre/lib/ext/icedtea-sound.jar
7fb18a991000-7fb18a992000 r--s 0000a000 08:03 135408                     /usr/lib/jvm/java-8-openjdk-amd64/jre/lib/ext/jaccess.jar
7fb18a992000-7fb18aa5d000 rw-p 00000000 00:00 0 
7fb18aa5d000-7fb18aa60000 ---p 00000000 00:00 0 
7fb18aa60000-7fb18ab63000 rw-p 00000000 00:00 0 
7fb18ab63000-7fb18ab65000 r--s 00001000 08:03 135401                     /usr/lib/jvm/java-8-openjdk-amd64/jre/lib/ext/dnsns.jar
7fb18ab65000-7fb18ab66000 r--s 00010000 08:03 135411                     /usr/lib/jvm/java-8-openjdk-amd64/jre/lib/ext/zipfs.jar
7fb18ab66000-7fb18ab81000 r--s 00394000 08:03 135418                     /usr/lib/jvm/java-8-openjdk-amd64/jre/lib/ext/cldrdata.jar
7fb18ab81000-7fb18ab89000 rw-s 00000000 08:03 1762901                    /tmp/hsperfdata_guillermo/9306
7fb18ab89000-7fb18ab8a000 rw-p 00000000 00:00 0 
7fb18ab8a000-7fb18ab8b000 ---p 00000000 00:00 0 
7fb18ab8b000-7fb18ab8d000 rw-p 00000000 00:00 0 
7fb18ab8d000-7fb18ab8e000 r--p 00025000 08:03 786707                     /lib/x86_64-linux-gnu/ld-2.23.so
7fb18ab8e000-7fb18ab8f000 rw-p 00026000 08:03 786707                     /lib/x86_64-linux-gnu/ld-2.23.so
7fb18ab8f000-7fb18ab90000 rw-p 00000000 00:00 0 
7fff4ed72000-7fff4ed93000 rw-p 00000000 00:00 0                          [stack]
7fff4eda6000-7fff4eda8000 r--p 00000000 00:00 0                          [vvar]
7fff4eda8000-7fff4edaa000 r-xp 00000000 00:00 0                          [vdso]
ffffffffff600000-ffffffffff601000 r-xp 00000000 00:00 0                  [vsyscall]

VM Arguments:
jvm_args: -Dfile.encoding=UTF-8 
java_command: tectijuana.votBit.restlet.ServidorVotBit
java_class_path (initial): /home/guillermo/workspace/votBit/bin:/home/guillermo/workspace/votBit/lib/required/antlr-2.7.7.jar:/home/guillermo/workspace/votBit/lib/required/classmate-1.3.0.jar:/home/guillermo/workspace/votBit/lib/required/dom4j-1.6.1.jar:/home/guillermo/workspace/votBit/lib/required/hibernate-commons-annotations-5.0.1.Final.jar:/home/guillermo/workspace/votBit/lib/required/hibernate-core-5.2.9.Final.jar:/home/guillermo/workspace/votBit/lib/required/hibernate-jpa-2.1-api-1.0.0.Final.jar:/home/guillermo/workspace/votBit/lib/required/jandex-2.0.3.Final.jar:/home/guillermo/workspace/votBit/lib/required/javassist-3.20.0-GA.jar:/home/guillermo/workspace/votBit/lib/required/jboss-logging-3.3.0.Final.jar:/home/guillermo/workspace/votBit/lib/required/jboss-transaction-api_1.2_spec-1.0.1.Final.jar:/home/guillermo/workspace/votBit/lib/required/log4j-1.2.17.jar:/home/guillermo/workspace/votBit/lib/required/ojdbc6.jar:/home/guillermo/workspace/votBit/lib/required/org.json.jar:/home/guillermo/workspace/votBit/lib/required/org.restlet.ext.json.jar:/home/guillermo/workspace/votBit/lib/required/org.restlet.jar
Launcher Type: SUN_STANDARD

Environment Variables:
JAVA_HOME=/usr/lib/jvm/java-9-oracle
PATH=/home/guillermo/.sdkman/candidates/ant/current/bin:/home/guillermo/Descargas/swift-DEVELOPMENT-SNAPSHOT-2016-02-25-a-ubuntu15.10/usr/bin/:/usr/local/ant/bin:/usr/local/sbin:/usr/local/bin:/usr/sbin:/usr/bin:/sbin:/bin:/usr/games:/usr/local/games:/snap/bin:/usr/lib/jvm/java-9-oracle/bin:/usr/lib/jvm/java-9-oracle/db/bin
SHELL=/bin/bash
DISPLAY=:0

Signal Handlers:
SIGSEGV: [libjvm.so+0xa67f40], sa_mask[0]=11111111011111111101111111111110, sa_flags=SA_RESTART|SA_SIGINFO
SIGBUS: [libjvm.so+0xa67f40], sa_mask[0]=11111111011111111101111111111110, sa_flags=SA_RESTART|SA_SIGINFO
SIGFPE: [libjvm.so+0x8b0ec0], sa_mask[0]=11111111011111111101111111111110, sa_flags=SA_RESTART|SA_SIGINFO
SIGPIPE: [libjvm.so+0x8b0ec0], sa_mask[0]=11111111011111111101111111111110, sa_flags=SA_RESTART|SA_SIGINFO
SIGXFSZ: [libjvm.so+0x8b0ec0], sa_mask[0]=11111111011111111101111111111110, sa_flags=SA_RESTART|SA_SIGINFO
SIGILL: [libjvm.so+0x8b0ec0], sa_mask[0]=11111111011111111101111111111110, sa_flags=SA_RESTART|SA_SIGINFO
SIGUSR1: SIG_DFL, sa_mask[0]=00000000000000000000000000000000, sa_flags=none
SIGUSR2: [libjvm.so+0x8b0d70], sa_mask[0]=00100000000000000000000000000000, sa_flags=SA_RESTART|SA_SIGINFO
SIGHUP: [libjvm.so+0x8b1240], sa_mask[0]=11111111011111111101111111111110, sa_flags=SA_RESTART|SA_SIGINFO
SIGINT: [libjvm.so+0x8b1240], sa_mask[0]=11111111011111111101111111111110, sa_flags=SA_RESTART|SA_SIGINFO
SIGTERM: [libjvm.so+0x8b1240], sa_mask[0]=11111111011111111101111111111110, sa_flags=SA_RESTART|SA_SIGINFO
SIGQUIT: [libjvm.so+0x8b1240], sa_mask[0]=11111111011111111101111111111110, sa_flags=SA_RESTART|SA_SIGINFO


---------------  S Y S T E M  ---------------

OS:DISTRIB_ID=Ubuntu
DISTRIB_RELEASE=16.04
DISTRIB_CODENAME=xenial
DISTRIB_DESCRIPTION="Ubuntu 16.04.1 LTS"

uname:Linux 4.4.0-78-generic #99-Ubuntu SMP Thu Apr 27 15:29:09 UTC 2017 x86_64
libc:glibc 2.23 NPTL 2.23 
rlimit: STACK 8192k, CORE 0k, NPROC 31398, NOFILE 65536, AS infinity
load average:0.86 1.86 1.54

/proc/meminfo:
MemTotal:        8078588 kB
MemFree:          133820 kB
MemAvailable:      33172 kB
Buffers:            1100 kB
Cached:           651876 kB
SwapCached:            0 kB
Active:          7126196 kB
Inactive:         582668 kB
Active(anon):    7117044 kB
Inactive(anon):   568240 kB
Active(file):       9152 kB
Inactive(file):    14428 kB
Unevictable:         204 kB
Mlocked:             204 kB
SwapTotal:             0 kB
SwapFree:              0 kB
Dirty:                 0 kB
Writeback:             0 kB
AnonPages:       7056544 kB
Mapped:           374644 kB
Shmem:            629084 kB
Slab:              91620 kB
SReclaimable:      44836 kB
SUnreclaim:        46784 kB
KernelStack:       18224 kB
PageTables:        71232 kB
NFS_Unstable:          0 kB
Bounce:                0 kB
WritebackTmp:          0 kB
CommitLimit:     4039292 kB
Committed_AS:   17349924 kB
VmallocTotal:   34359738367 kB
VmallocUsed:           0 kB
VmallocChunk:          0 kB
HardwareCorrupted:     0 kB
AnonHugePages:   2154496 kB
CmaTotal:              0 kB
CmaFree:               0 kB
HugePages_Total:       0
HugePages_Free:        0
HugePages_Rsvd:        0
HugePages_Surp:        0
Hugepagesize:       2048 kB
DirectMap4k:      178008 kB
DirectMap2M:     8114176 kB
DirectMap1G:     1048576 kB


CPU:total 4 (initial active 4) (2 cores per cpu, 2 threads per core) family 6 model 60 stepping 3, cmov, cx8, fxsr, mmx, sse, sse2, sse3, ssse3, sse4.1, sse4.2, popcnt, avx, avx2, aes, clmul, erms, lzcnt, ht, tsc, tscinvbit, bmi1, bmi2

/proc/cpuinfo:
processor	: 0
vendor_id	: GenuineIntel
cpu family	: 6
model		: 60
model name	: Intel(R) Core(TM) i5-4300M CPU @ 2.60GHz
stepping	: 3
microcode	: 0x1e
cpu MHz		: 3022.296
cache size	: 3072 KB
physical id	: 0
siblings	: 4
core id		: 0
cpu cores	: 2
apicid		: 0
initial apicid	: 0
fpu		: yes
fpu_exception	: yes
cpuid level	: 13
wp		: yes
flags		: fpu vme de pse tsc msr pae mce cx8 apic sep mtrr pge mca cmov pat pse36 clflush dts acpi mmx fxsr sse sse2 ss ht tm pbe syscall nx pdpe1gb rdtscp lm constant_tsc arch_perfmon pebs bts rep_good nopl xtopology nonstop_tsc aperfmperf eagerfpu pni pclmulqdq dtes64 monitor ds_cpl vmx smx est tm2 ssse3 sdbg fma cx16 xtpr pdcm pcid sse4_1 sse4_2 x2apic movbe popcnt tsc_deadline_timer aes xsave avx f16c rdrand lahf_lm abm epb tpr_shadow vnmi flexpriority ept vpid fsgsbase tsc_adjust bmi1 avx2 smep bmi2 erms invpcid xsaveopt dtherm ida arat pln pts
bugs		:
bogomips	: 5187.87
clflush size	: 64
cache_alignment	: 64
address sizes	: 39 bits physical, 48 bits virtual
power management:

processor	: 1
vendor_id	: GenuineIntel
cpu family	: 6
model		: 60
model name	: Intel(R) Core(TM) i5-4300M CPU @ 2.60GHz
stepping	: 3
microcode	: 0x1e
cpu MHz		: 2800.789
cache size	: 3072 KB
physical id	: 0
siblings	: 4
core id		: 1
cpu cores	: 2
apicid		: 2
initial apicid	: 2
fpu		: yes
fpu_exception	: yes
cpuid level	: 13
wp		: yes
flags		: fpu vme de pse tsc msr pae mce cx8 apic sep mtrr pge mca cmov pat pse36 clflush dts acpi mmx fxsr sse sse2 ss ht tm pbe syscall nx pdpe1gb rdtscp lm constant_tsc arch_perfmon pebs bts rep_good nopl xtopology nonstop_tsc aperfmperf eagerfpu pni pclmulqdq dtes64 monitor ds_cpl vmx smx est tm2 ssse3 sdbg fma cx16 xtpr pdcm pcid sse4_1 sse4_2 x2apic movbe popcnt tsc_deadline_timer aes xsave avx f16c rdrand lahf_lm abm epb tpr_shadow vnmi flexpriority ept vpid fsgsbase tsc_adjust bmi1 avx2 smep bmi2 erms invpcid xsaveopt dtherm ida arat pln pts
bugs		:
bogomips	: 5187.87
clflush size	: 64
cache_alignment	: 64
address sizes	: 39 bits physical, 48 bits virtual
power management:

processor	: 2
vendor_id	: GenuineIntel
cpu family	: 6
model		: 60
model name	: Intel(R) Core(TM) i5-4300M CPU @ 2.60GHz
stepping	: 3
microcode	: 0x1e
cpu MHz		: 2791.343
cache size	: 3072 KB
physical id	: 0
siblings	: 4
core id		: 0
cpu cores	: 2
apicid		: 1
initial apicid	: 1
fpu		: yes
fpu_exception	: yes
cpuid level	: 13
wp		: yes
flags		: fpu vme de pse tsc msr pae mce cx8 apic sep mtrr pge mca cmov pat pse36 clflush dts acpi mmx fxsr sse sse2 ss ht tm pbe syscall nx pdpe1gb rdtscp lm constant_tsc arch_perfmon pebs bts rep_good nopl xtopology nonstop_tsc aperfmperf eagerfpu pni pclmulqdq dtes64 monitor ds_cpl vmx smx est tm2 ssse3 sdbg fma cx16 xtpr pdcm pcid sse4_1 sse4_2 x2apic movbe popcnt tsc_deadline_timer aes xsave avx f16c rdrand lahf_lm abm epb tpr_shadow vnmi flexpriority ept vpid fsgsbase tsc_adjust bmi1 avx2 smep bmi2 erms invpcid xsaveopt dtherm ida arat pln pts
bugs		:
bogomips	: 5187.87
clflush size	: 64
cache_alignment	: 64
address sizes	: 39 bits physical, 48 bits virtual
power management:

processor	: 3
vendor_id	: GenuineIntel
cpu family	: 6
model		: 60
model name	: Intel(R) Core(TM) i5-4300M CPU @ 2.60GHz
stepping	: 3
microcode	: 0x1e
cpu MHz		: 3056.320
cache size	: 3072 KB
physical id	: 0
siblings	: 4
core id		: 1
cpu cores	: 2
apicid		: 3
initial apicid	: 3
fpu		: yes
fpu_exception	: yes
cpuid level	: 13
wp		: yes
flags		: fpu vme de pse tsc msr pae mce cx8 apic sep mtrr pge mca cmov pat pse36 clflush dts acpi mmx fxsr sse sse2 ss ht tm pbe syscall nx pdpe1gb rdtscp lm constant_tsc arch_perfmon pebs bts rep_good nopl xtopology nonstop_tsc aperfmperf eagerfpu pni pclmulqdq dtes64 monitor ds_cpl vmx smx est tm2 ssse3 sdbg fma cx16 xtpr pdcm pcid sse4_1 sse4_2 x2apic movbe popcnt tsc_deadline_timer aes xsave avx f16c rdrand lahf_lm abm epb tpr_shadow vnmi flexpriority ept vpid fsgsbase tsc_adjust bmi1 avx2 smep bmi2 erms invpcid xsaveopt dtherm ida arat pln pts
bugs		:
bogomips	: 5187.87
clflush size	: 64
cache_alignment	: 64
address sizes	: 39 bits physical, 48 bits virtual
power management:



Memory: 4k page, physical 8078588k(133820k free), swap 0k(0k free)

vm_info: OpenJDK 64-Bit Server VM (25.131-b11) for linux-amd64 JRE (1.8.0_131-8u131-b11-0ubuntu1.16.04.2-b11), built on May  6 2017 02:45:27 by "buildd" with gcc 5.4.0 20160609

time: Tue May 30 10:44:46 2017
elapsed time: 135 seconds (0d 0h 2m 15s)

